<?xml version="1.0" encoding="UTF-8"?>
<!-- Generated by org.testng.reporters.JUnitXMLReporter -->
<testsuite hostname="DESKTOP-OKV96PJ" name="Validating Login" tests="1" failures="1" timestamp="26 Dec 2020 06:20:16 GMT" time="43.606" errors="0">
  <testcase name="validateLoginUser" time="27.163" classname="Academy.validateLogin">
    <failure type="java.lang.AssertionError" message="expected [Login Page] but found [NNNOW.com Discover and Shop Latest Fashion and Clothes Online.]">
      <![CDATA[java.lang.AssertionError: expected [Login Page] but found [NNNOW.com Discover and Shop Latest Fashion and Clothes Online.]
	at Academy.validateLogin.validateLoginUser(validateLogin.java:178)
	at org.apache.maven.surefire.testng.TestNGExecutor.run(TestNGExecutor.java:283)
	at org.apache.maven.surefire.testng.TestNGXmlTestSuite.execute(TestNGXmlTestSuite.java:75)
	at org.apache.maven.surefire.testng.TestNGProvider.invoke(TestNGProvider.java:120)
	at org.apache.maven.surefire.booter.ForkedBooter.invokeProviderInSameClassLoader(ForkedBooter.java:386)
	at org.apache.maven.surefire.booter.ForkedBooter.runSuitesInProcess(ForkedBooter.java:323)
	at org.apache.maven.surefire.booter.ForkedBooter.main(ForkedBooter.java:143)
... Removed 26 stack frames]]>
    </failure>
  </testcase> <!-- validateLoginUser -->
</testsuite> <!-- Validating Login -->
