<?xml version="1.0" encoding="UTF-8"?>
<testng-results skipped="0" failed="1" total="1" passed="0">
  <reporter-output>
  </reporter-output>
  <suite name="Suite" duration-ms="43628" started-at="2020-12-26T06:19:33Z" finished-at="2020-12-26T06:20:16Z">
    <groups>
    </groups>
    <test name="App Testing" duration-ms="4" started-at="2020-12-26T06:19:33Z" finished-at="2020-12-26T06:19:33Z">
    </test> <!-- App Testing -->
    <test name="Validating Login" duration-ms="43606" started-at="2020-12-26T06:19:33Z" finished-at="2020-12-26T06:20:16Z">
      <class name="Academy.validateLogin">
        <test-method status="PASS" signature="initialize()[pri:0, instance:Academy.validateLogin@1190200a]" name="initialize" is-config="true" duration-ms="14407" started-at="2020-12-26T11:49:33Z" finished-at="2020-12-26T11:49:47Z">
          <reporter-output>
          </reporter-output>
        </test-method> <!-- initialize -->
        <test-method status="FAIL" signature="validateLoginUser()[pri:0, instance:Academy.validateLogin@1190200a]" name="validateLoginUser" duration-ms="27163" started-at="2020-12-26T11:49:47Z" finished-at="2020-12-26T11:50:14Z">
          <exception class="java.lang.AssertionError">
            <message>
              <![CDATA[expected [Login Page] but found [NNNOW.com Discover and Shop Latest Fashion and Clothes Online.]]]>
            </message>
            <full-stacktrace>
              <![CDATA[java.lang.AssertionError: expected [Login Page] but found [NNNOW.com Discover and Shop Latest Fashion and Clothes Online.]
	at org.testng.Assert.fail(Assert.java:94)
	at org.testng.Assert.failNotEquals(Assert.java:494)
	at org.testng.Assert.assertEquals(Assert.java:123)
	at org.testng.Assert.assertEquals(Assert.java:176)
	at org.testng.Assert.assertEquals(Assert.java:186)
	at Academy.validateLogin.validateLoginUser(validateLogin.java:178)
	at sun.reflect.NativeMethodAccessorImpl.invoke0(Native Method)
	at sun.reflect.NativeMethodAccessorImpl.invoke(NativeMethodAccessorImpl.java:62)
	at sun.reflect.DelegatingMethodAccessorImpl.invoke(DelegatingMethodAccessorImpl.java:43)
	at java.lang.reflect.Method.invoke(Method.java:498)
	at org.testng.internal.MethodInvocationHelper.invokeMethod(MethodInvocationHelper.java:80)
	at org.testng.internal.Invoker.invokeMethod(Invoker.java:714)
	at org.testng.internal.Invoker.invokeTestMethod(Invoker.java:901)
	at org.testng.internal.Invoker.invokeTestMethods(Invoker.java:1231)
	at org.testng.internal.TestMethodWorker.invokeTestMethods(TestMethodWorker.java:127)
	at org.testng.internal.TestMethodWorker.run(TestMethodWorker.java:111)
	at org.testng.TestRunner.privateRun(TestRunner.java:767)
	at org.testng.TestRunner.run(TestRunner.java:617)
	at org.testng.SuiteRunner.runTest(SuiteRunner.java:334)
	at org.testng.SuiteRunner.runSequentially(SuiteRunner.java:329)
	at org.testng.SuiteRunner.privateRun(SuiteRunner.java:291)
	at org.testng.SuiteRunner.run(SuiteRunner.java:240)
	at org.testng.SuiteRunnerWorker.runSuite(SuiteRunnerWorker.java:52)
	at org.testng.SuiteRunnerWorker.run(SuiteRunnerWorker.java:86)
	at org.testng.TestNG.runSuitesSequentially(TestNG.java:1198)
	at org.testng.TestNG.runSuitesLocally(TestNG.java:1123)
	at org.testng.TestNG.run(TestNG.java:1031)
	at org.apache.maven.surefire.testng.TestNGExecutor.run(TestNGExecutor.java:283)
	at org.apache.maven.surefire.testng.TestNGXmlTestSuite.execute(TestNGXmlTestSuite.java:75)
	at org.apache.maven.surefire.testng.TestNGProvider.invoke(TestNGProvider.java:120)
	at org.apache.maven.surefire.booter.ForkedBooter.invokeProviderInSameClassLoader(ForkedBooter.java:386)
	at org.apache.maven.surefire.booter.ForkedBooter.runSuitesInProcess(ForkedBooter.java:323)
	at org.apache.maven.surefire.booter.ForkedBooter.main(ForkedBooter.java:143)
]]>
            </full-stacktrace>
          </exception> <!-- java.lang.AssertionError -->
          <reporter-output>
          </reporter-output>
        </test-method> <!-- validateLoginUser -->
        <test-method status="PASS" signature="teardown()[pri:0, instance:Academy.validateLogin@1190200a]" name="teardown" is-config="true" duration-ms="1244" started-at="2020-12-26T11:50:15Z" finished-at="2020-12-26T11:50:16Z">
          <reporter-output>
          </reporter-output>
        </test-method> <!-- teardown -->
      </class> <!-- Academy.validateLogin -->
    </test> <!-- Validating Login -->
  </suite> <!-- Suite -->
</testng-results>
